# JRE version: OpenJDK Runtime Environment (8.0_242-b01) (build 1.8.0_242-release-1644-b01)
# Java VM: OpenJDK 64-Bit Server VM (25.242-b01 mixed mode windows-amd64 compressed oops)
Heap:
 PSYoungGen      total 20480K, used 7263K [0x00000000d5580000, 0x00000000d6e80000, 0x0000000100000000)
  eden space 15360K, 23% used [0x00000000d5580000,0x00000000d58f8758,0x00000000d6480000)
  from space 5120K, 72% used [0x00000000d6980000,0x00000000d6d1f508,0x00000000d6e80000)
  to   space 5120K, 0% used [0x00000000d6480000,0x00000000d6480000,0x00000000d6980000)
 ParOldGen       total 44032K, used 5011K [0x0000000080000000, 0x0000000082b00000, 0x00000000d5580000)
  object space 44032K, 11% used [0x0000000080000000,0x00000000804e4c60,0x0000000082b00000)
 Metaspace       used 15418K, capacity 15966K, committed 16128K, reserved 1062912K
  class space    used 2035K, capacity 2199K, committed 2304K, reserved 1048576K
GC Heap History (10 events):
Event: 9.682 GC heap before
{Heap before GC invocations=4 (full 0):
 PSYoungGen      total 18944K, used 18560K [0x00000000d5580000, 0x00000000d6a80000, 0x0000000100000000)
  eden space 16384K, 100% used [0x00000000d5580000,0x00000000d6580000,0x00000000d6580000)
  from space 2560K, 85% used [0x00000000d6580000,0x00000000d67a0000,0x00000000d6800000)
  to   space 2560K, 0% used [0x00000000d6800000,0x00000000d6800000,0x00000000d6a80000)
 ParOldGen       total 44032K, used 936K [0x0000000080000000, 0x0000000082b00000, 0x00000000d5580000)
  object space 44032K, 2% used [0x0000000080000000,0x00000000800ea110,0x0000000082b00000)
 Metaspace       used 7464K, capacity 7694K, committed 7936K, reserved 1056768K
  class space    used 914K, capacity 1013K, committed 1024K, reserved 1048576K
Event: 9.686 GC heap after
Heap after GC invocations=4 (full 0):
 PSYoungGen      total 18944K, used 2528K [0x00000000d5580000, 0x00000000d6a80000, 0x0000000100000000)
  eden space 16384K, 0% used [0x00000000d5580000,0x00000000d5580000,0x00000000d6580000)
  from space 2560K, 98% used [0x00000000d6800000,0x00000000d6a78020,0x00000000d6a80000)
  to   space 2560K, 0% used [0x00000000d6580000,0x00000000d6580000,0x00000000d6800000)
 ParOldGen       total 44032K, used 1472K [0x0000000080000000, 0x0000000082b00000, 0x00000000d5580000)
  object space 44032K, 3% used [0x0000000080000000,0x0000000080170290,0x0000000082b00000)
 Metaspace       used 7464K, capacity 7694K, committed 7936K, reserved 1056768K
  class space    used 914K, capacity 1013K, committed 1024K, reserved 1048576K
}
Event: 9.918 GC heap before
{Heap before GC invocations=5 (full 0):
 PSYoungGen      total 18944K, used 18912K [0x00000000d5580000, 0x00000000d6a80000, 0x0000000100000000)
  eden space 16384K, 100% used [0x00000000d5580000,0x00000000d6580000,0x00000000d6580000)
  from space 2560K, 98% used [0x00000000d6800000,0x00000000d6a78020,0x00000000d6a80000)
  to   space 2560K, 0% used [0x00000000d6580000,0x00000000d6580000,0x00000000d6800000)
 ParOldGen       total 44032K, used 1472K [0x0000000080000000, 0x0000000082b00000, 0x00000000d5580000)
  object space 44032K, 3% used [0x0000000080000000,0x0000000080170290,0x0000000082b00000)
 Metaspace       used 8899K, capacity 9198K, committed 9472K, reserved 1056768K
  class space    used 1137K, capacity 1237K, committed 1280K, reserved 1048576K
Event: 9.923 GC heap after
Heap after GC invocations=5 (full 0):
 PSYoungGen      total 18944K, used 2544K [0x00000000d5580000, 0x00000000d6e80000, 0x0000000100000000)
  eden space 16384K, 0% used [0x00000000d5580000,0x00000000d5580000,0x00000000d6580000)
  from space 2560K, 99% used [0x00000000d6580000,0x00000000d67fc030,0x00000000d6800000)
  to   space 4608K, 0% used [0x00000000d6a00000,0x00000000d6a00000,0x00000000d6e80000)
 ParOldGen       total 44032K, used 2901K [0x0000000080000000, 0x0000000082b00000, 0x00000000d5580000)
  object space 44032K, 6% used [0x0000000080000000,0x00000000802d5668,0x0000000082b00000)
 Metaspace       used 8899K, capacity 9198K, committed 9472K, reserved 1056768K
  class space    used 1137K, capacity 1237K, committed 1280K, reserved 1048576K
}
Event: 13.056 GC heap before
{Heap before GC invocations=6 (full 0):
 PSYoungGen      total 18944K, used 18928K [0x00000000d5580000, 0x00000000d6e80000, 0x0000000100000000)
  eden space 16384K, 100% used [0x00000000d5580000,0x00000000d6580000,0x00000000d6580000)
  from space 2560K, 99% used [0x00000000d6580000,0x00000000d67fc030,0x00000000d6800000)
  to   space 4608K, 0% used [0x00000000d6a00000,0x00000000d6a00000,0x00000000d6e80000)
 ParOldGen       total 44032K, used 2901K [0x0000000080000000, 0x0000000082b00000, 0x00000000d5580000)
  object space 44032K, 6% used [0x0000000080000000,0x00000000802d5668,0x0000000082b00000)
 Metaspace       used 12112K, capacity 12508K, committed 12800K, reserved 1060864K
  class space    used 1608K, capacity 1738K, committed 1792K, reserved 1048576K
Event: 13.062 GC heap after
Heap after GC invocations=6 (full 0):
 PSYoungGen      total 19968K, used 4592K [0x00000000d5580000, 0x00000000d7080000, 0x0000000100000000)
  eden space 15360K, 0% used [0x00000000d5580000,0x00000000d5580000,0x00000000d6480000)
  from space 4608K, 99% used [0x00000000d6a00000,0x00000000d6e7c010,0x00000000d6e80000)
  to   space 5632K, 0% used [0x00000000d6480000,0x00000000d6480000,0x00000000d6a00000)
 ParOldGen       total 44032K, used 2962K [0x0000000080000000, 0x0000000082b00000, 0x00000000d5580000)
  object space 44032K, 6% used [0x0000000080000000,0x00000000802e4bf0,0x0000000082b00000)
 Metaspace       used 12112K, capacity 12508K, committed 12800K, reserved 1060864K
  class space    used 1608K, capacity 1738K, committed 1792K, reserved 1048576K
}
Event: 14.544 GC heap before
{Heap before GC invocations=7 (full 0):
 PSYoungGen      total 19968K, used 19952K [0x00000000d5580000, 0x00000000d7080000, 0x0000000100000000)
  eden space 15360K, 100% used [0x00000000d5580000,0x00000000d6480000,0x00000000d6480000)
  from space 4608K, 99% used [0x00000000d6a00000,0x00000000d6e7c010,0x00000000d6e80000)
  to   space 5632K, 0% used [0x00000000d6480000,0x00000000d6480000,0x00000000d6a00000)
 ParOldGen       total 44032K, used 2962K [0x0000000080000000, 0x0000000082b00000, 0x00000000d5580000)
  object space 44032K, 6% used [0x0000000080000000,0x00000000802e4bf0,0x0000000082b00000)
 Metaspace       used 13059K, capacity 13500K, committed 13696K, reserved 1060864K
  class space    used 1786K, capacity 1894K, committed 1920K, reserved 1048576K
Event: 14.549 GC heap after
Heap after GC invocations=7 (full 0):
 PSYoungGen      total 18944K, used 3293K [0x00000000d5580000, 0x00000000d6e80000, 0x0000000100000000)
  eden space 15360K, 0% used [0x00000000d5580000,0x00000000d5580000,0x00000000d6480000)
  from space 3584K, 91% used [0x00000000d6480000,0x00000000d67b7410,0x00000000d6800000)
  to   space 5120K, 0% used [0x00000000d6980000,0x00000000d6980000,0x00000000d6e80000)
 ParOldGen       total 44032K, used 4459K [0x0000000080000000, 0x0000000082b00000, 0x00000000d5580000)
  object space 44032K, 10% used [0x0000000080000000,0x000000008045ac60,0x0000000082b00000)
 Metaspace       used 13059K, capacity 13500K, committed 13696K, reserved 1060864K
  class space    used 1786K, capacity 1894K, committed 1920K, reserved 1048576K
}
Event: 15.971 GC heap before
{Heap before GC invocations=8 (full 0):
 PSYoungGen      total 18944K, used 18653K [0x00000000d5580000, 0x00000000d6e80000, 0x0000000100000000)
  eden space 15360K, 100% used [0x00000000d5580000,0x00000000d6480000,0x00000000d6480000)
  from space 3584K, 91% used [0x00000000d6480000,0x00000000d67b7410,0x00000000d6800000)
  to   space 5120K, 0% used [0x00000000d6980000,0x00000000d6980000,0x00000000d6e80000)
 ParOldGen       total 44032K, used 4459K [0x0000000080000000, 0x0000000082b00000, 0x00000000d5580000)
  object space 44032K, 10% used [0x0000000080000000,0x000000008045ac60,0x0000000082b00000)
 Metaspace       used 14677K, capacity 15222K, committed 15488K, reserved 1062912K
  class space    used 2000K, capacity 2165K, committed 2176K, reserved 1048576K
Event: 15.979 GC heap after
Heap after GC invocations=8 (full 0):
 PSYoungGen      total 20480K, used 3709K [0x00000000d5580000, 0x00000000d6e80000, 0x0000000100000000)
  eden space 15360K, 0% used [0x00000000d5580000,0x00000000d5580000,0x00000000d6480000)
  from space 5120K, 72% used [0x00000000d6980000,0x00000000d6d1f508,0x00000000d6e80000)
  to   space 5120K, 0% used [0x00000000d6480000,0x00000000d6480000,0x00000000d6980000)
 ParOldGen       total 44032K, used 5011K [0x0000000080000000, 0x0000000082b00000, 0x00000000d5580000)
  object space 44032K, 11% used [0x0000000080000000,0x00000000804e4c60,0x0000000082b00000)
 Metaspace       used 14677K, capacity 15222K, committed 15488K, reserved 1062912K
  class space    used 2000K, capacity 2165K, committed 2176K, reserved 1048576K
}

