# JRE version: OpenJDK Runtime Environment (8.0_242-b01) (build 1.8.0_242-release-1644-b01)
# Java VM: OpenJDK 64-Bit Server VM (25.242-b01 mixed mode windows-amd64 compressed oops)
Heap:
 PSYoungGen      total 39936K, used 18197K [0x00000000d5580000, 0x00000000d8680000, 0x0000000100000000)
  eden space 29696K, 61% used [0x00000000d5580000,0x00000000d6745530,0x00000000d7280000)
  from space 10240K, 0% used [0x00000000d7c80000,0x00000000d7c80000,0x00000000d8680000)
  to   space 10240K, 0% used [0x00000000d7280000,0x00000000d7280000,0x00000000d7c80000)
 ParOldGen       total 51712K, used 29237K [0x0000000080000000, 0x0000000083280000, 0x00000000d5580000)
  object space 51712K, 56% used [0x0000000080000000,0x0000000081c8d6d0,0x0000000083280000)
 Metaspace       used 57951K, capacity 60316K, committed 60504K, reserved 1101824K
  class space    used 7973K, capacity 8487K, committed 8576K, reserved 1048576K
GC Heap History (10 events):
Event: 298.276 GC heap before
{Heap before GC invocations=39 (full 2):
 PSYoungGen      total 31232K, used 26731K [0x00000000d5580000, 0x00000000d7f00000, 0x0000000100000000)
  eden space 19968K, 100% used [0x00000000d5580000,0x00000000d6900000,0x00000000d6900000)
  from space 11264K, 60% used [0x00000000d7400000,0x00000000d7a9aca0,0x00000000d7f00000)
  to   space 11264K, 0% used [0x00000000d6900000,0x00000000d6900000,0x00000000d7400000)
 ParOldGen       total 32256K, used 19898K [0x0000000080000000, 0x0000000081f80000, 0x00000000d5580000)
  object space 32256K, 61% used [0x0000000080000000,0x000000008136e978,0x0000000081f80000)
 Metaspace       used 50944K, capacity 52946K, committed 53080K, reserved 1095680K
  class space    used 6812K, capacity 7237K, committed 7296K, reserved 1048576K
Event: 298.287 GC heap after
Heap after GC invocations=39 (full 2):
 PSYoungGen      total 31232K, used 5040K [0x00000000d5580000, 0x00000000d8280000, 0x0000000100000000)
  eden space 19968K, 0% used [0x00000000d5580000,0x00000000d5580000,0x00000000d6900000)
  from space 11264K, 44% used [0x00000000d6900000,0x00000000d6dec010,0x00000000d7400000)
  to   space 10752K, 0% used [0x00000000d7800000,0x00000000d7800000,0x00000000d8280000)
 ParOldGen       total 32256K, used 22822K [0x0000000080000000, 0x0000000081f80000, 0x00000000d5580000)
  object space 32256K, 70% used [0x0000000080000000,0x0000000081649850,0x0000000081f80000)
 Metaspace       used 50944K, capacity 52946K, committed 53080K, reserved 1095680K
  class space    used 6812K, capacity 7237K, committed 7296K, reserved 1048576K
}
Event: 300.325 GC heap before
{Heap before GC invocations=40 (full 2):
 PSYoungGen      total 31232K, used 25008K [0x00000000d5580000, 0x00000000d8280000, 0x0000000100000000)
  eden space 19968K, 100% used [0x00000000d5580000,0x00000000d6900000,0x00000000d6900000)
  from space 11264K, 44% used [0x00000000d6900000,0x00000000d6dec010,0x00000000d7400000)
  to   space 10752K, 0% used [0x00000000d7800000,0x00000000d7800000,0x00000000d8280000)
 ParOldGen       total 32256K, used 22822K [0x0000000080000000, 0x0000000081f80000, 0x00000000d5580000)
  object space 32256K, 70% used [0x0000000080000000,0x0000000081649850,0x0000000081f80000)
 Metaspace       used 53532K, capacity 55702K, committed 55768K, reserved 1097728K
  class space    used 7237K, capacity 7673K, committed 7680K, reserved 1048576K
Event: 300.350 GC heap after
Heap after GC invocations=40 (full 2):
 PSYoungGen      total 35328K, used 6483K [0x00000000d5580000, 0x00000000d8280000, 0x0000000100000000)
  eden space 24576K, 0% used [0x00000000d5580000,0x00000000d5580000,0x00000000d6d80000)
  from space 10752K, 60% used [0x00000000d7800000,0x00000000d7e54dd0,0x00000000d8280000)
  to   space 10752K, 0% used [0x00000000d6d80000,0x00000000d6d80000,0x00000000d7800000)
 ParOldGen       total 32256K, used 24427K [0x0000000080000000, 0x0000000081f80000, 0x00000000d5580000)
  object space 32256K, 75% used [0x0000000080000000,0x00000000817dadc0,0x0000000081f80000)
 Metaspace       used 53532K, capacity 55702K, committed 55768K, reserved 1097728K
  class space    used 7237K, capacity 7673K, committed 7680K, reserved 1048576K
}
Event: 302.759 GC heap before
{Heap before GC invocations=41 (full 2):
 PSYoungGen      total 35328K, used 31059K [0x00000000d5580000, 0x00000000d8280000, 0x0000000100000000)
  eden space 24576K, 100% used [0x00000000d5580000,0x00000000d6d80000,0x00000000d6d80000)
  from space 10752K, 60% used [0x00000000d7800000,0x00000000d7e54dd0,0x00000000d8280000)
  to   space 10752K, 0% used [0x00000000d6d80000,0x00000000d6d80000,0x00000000d7800000)
 ParOldGen       total 32256K, used 24427K [0x0000000080000000, 0x0000000081f80000, 0x00000000d5580000)
  object space 32256K, 75% used [0x0000000080000000,0x00000000817dadc0,0x0000000081f80000)
 Metaspace       used 55699K, capacity 58002K, committed 58328K, reserved 1099776K
  class space    used 7589K, capacity 8086K, committed 8192K, reserved 1048576K
Event: 302.768 GC heap after
Heap after GC invocations=41 (full 2):
 PSYoungGen      total 35328K, used 3840K [0x00000000d5580000, 0x00000000d8680000, 0x0000000100000000)
  eden space 24576K, 0% used [0x00000000d5580000,0x00000000d5580000,0x00000000d6d80000)
  from space 10752K, 35% used [0x00000000d6d80000,0x00000000d7140048,0x00000000d7800000)
  to   space 10240K, 0% used [0x00000000d7c80000,0x00000000d7c80000,0x00000000d8680000)
 ParOldGen       total 32256K, used 27657K [0x0000000080000000, 0x0000000081f80000, 0x00000000d5580000)
  object space 32256K, 85% used [0x0000000080000000,0x0000000081b025c8,0x0000000081f80000)
 Metaspace       used 55699K, capacity 58002K, committed 58328K, reserved 1099776K
  class space    used 7589K, capacity 8086K, committed 8192K, reserved 1048576K
}
Event: 303.923 GC heap before
{Heap before GC invocations=42 (full 2):
 PSYoungGen      total 35328K, used 18074K [0x00000000d5580000, 0x00000000d8680000, 0x0000000100000000)
  eden space 24576K, 57% used [0x00000000d5580000,0x00000000d6366908,0x00000000d6d80000)
  from space 10752K, 35% used [0x00000000d6d80000,0x00000000d7140048,0x00000000d7800000)
  to   space 10240K, 0% used [0x00000000d7c80000,0x00000000d7c80000,0x00000000d8680000)
 ParOldGen       total 32256K, used 27657K [0x0000000080000000, 0x0000000081f80000, 0x00000000d5580000)
  object space 32256K, 85% used [0x0000000080000000,0x0000000081b025c8,0x0000000081f80000)
 Metaspace       used 56590K, capacity 58858K, committed 58968K, reserved 1099776K
  class space    used 7746K, capacity 8230K, committed 8320K, reserved 1048576K
Event: 303.931 GC heap after
Heap after GC invocations=42 (full 2):
 PSYoungGen      total 39936K, used 1430K [0x00000000d5580000, 0x00000000d8680000, 0x0000000100000000)
  eden space 29696K, 0% used [0x00000000d5580000,0x00000000d5580000,0x00000000d7280000)
  from space 10240K, 13% used [0x00000000d7c80000,0x00000000d7de5a78,0x00000000d8680000)
  to   space 10240K, 0% used [0x00000000d7280000,0x00000000d7280000,0x00000000d7c80000)
 ParOldGen       total 32256K, used 29945K [0x0000000080000000, 0x0000000081f80000, 0x00000000d5580000)
  object space 32256K, 92% used [0x0000000080000000,0x0000000081d3e5c8,0x0000000081f80000)
 Metaspace       used 56590K, capacity 58858K, committed 58968K, reserved 1099776K
  class space    used 7746K, capacity 8230K, committed 8320K, reserved 1048576K
}
Event: 303.931 GC heap before
{Heap before GC invocations=43 (full 3):
 PSYoungGen      total 39936K, used 1430K [0x00000000d5580000, 0x00000000d8680000, 0x0000000100000000)
  eden space 29696K, 0% used [0x00000000d5580000,0x00000000d5580000,0x00000000d7280000)
  from space 10240K, 13% used [0x00000000d7c80000,0x00000000d7de5a78,0x00000000d8680000)
  to   space 10240K, 0% used [0x00000000d7280000,0x00000000d7280000,0x00000000d7c80000)
 ParOldGen       total 32256K, used 29945K [0x0000000080000000, 0x0000000081f80000, 0x00000000d5580000)
  object space 32256K, 92% used [0x0000000080000000,0x0000000081d3e5c8,0x0000000081f80000)
 Metaspace       used 56590K, capacity 58858K, committed 58968K, reserved 1099776K
  class space    used 7746K, capacity 8230K, committed 8320K, reserved 1048576K
Event: 304.252 GC heap after
Heap after GC invocations=43 (full 3):
 PSYoungGen      total 39936K, used 0K [0x00000000d5580000, 0x00000000d8680000, 0x0000000100000000)
  eden space 29696K, 0% used [0x00000000d5580000,0x00000000d5580000,0x00000000d7280000)
  from space 10240K, 0% used [0x00000000d7c80000,0x00000000d7c80000,0x00000000d8680000)
  to   space 10240K, 0% used [0x00000000d7280000,0x00000000d7280000,0x00000000d7c80000)
 ParOldGen       total 51712K, used 29237K [0x0000000080000000, 0x0000000083280000, 0x00000000d5580000)
  object space 51712K, 56% used [0x0000000080000000,0x0000000081c8d6d0,0x0000000083280000)
 Metaspace       used 56576K, capacity 58810K, committed 58968K, reserved 1099776K
  class space    used 7742K, capacity 8222K, committed 8320K, reserved 1048576K
}

